<?xml version="1.0" encoding="UTF-8"?>
<!-- Generated by org.testng.reporters.JUnitReportReporter -->
<testsuite skipped="0" hostname="LAPTOP-MOMCCORM" name="com.resonance.traveltests.Travel" tests="1" failures="0" timestamp="2022-01-20T10:17:38 IST" time="7.322" errors="0">
  <testcase name="verifyErrorOnSelectingSameCitiesAsSourceAndDestination" time="7.322" classname="com.resonance.traveltests.Travel"/>
  <system-out/>
</testsuite> <!-- com.resonance.traveltests.Travel -->
