<?xml version="1.0" encoding="UTF-8"?>
<!-- Generated by org.testng.reporters.JUnitReportReporter -->
<testsuite skipped="0" hostname="LAPTOP-MOMCCORM" name="com.resonance.homepage.HomePageTests" tests="1" failures="0" timestamp="2022-01-21T18:54:38 IST" time="13.569" errors="0">
  <testcase name="verifyOnClickOfJoinMeetingUserLandsOnQuickJoinMeetingPage" time="13.569" classname="com.resonance.homepage.HomePageTests"/>
  <system-out/>
</testsuite> <!-- com.resonance.homepage.HomePageTests -->
