<?xml version="1.0" encoding="UTF-8"?>
<!-- Generated by org.testng.reporters.JUnitReportReporter -->
<testsuite skipped="0" hostname="LAPTOP-MOMCCORM" name="com.resonance.traveltests.OpenCart_Register" tests="1" failures="0" timestamp="2022-01-21T11:20:37 IST" time="14.562" errors="0">
  <testcase name="validateRegisteringAnAccountByProvidingOnlyTheMandatoryFields" time="14.562" classname="com.resonance.traveltests.OpenCart_Register"/>
  <system-out/>
</testsuite> <!-- com.resonance.traveltests.OpenCart_Register -->
